<<<<<<< HEAD
[1111/181213.559:ERROR:backend_impl.cc(1041)] Critical error found -8
[1111/181213.569:WARNING:storage_block-inl.h(146)] Failed data load.
[1111/181213.570:WARNING:storage_block-inl.h(146)] Failed data load.
[1111/181213.570:WARNING:storage_block-inl.h(146)] Failed data load.
[1111/181213.570:WARNING:storage_block-inl.h(146)] Failed data load.
[1111/181213.570:ERROR:entry_impl.cc(1076)] No file for c1030002
[1111/181213.570:WARNING:storage_block-inl.h(146)] Failed data load.
=======
[1103/154707.710:ERROR:audio_rtp_receiver.cc(89)] AudioRtpReceiver::OnSetVolume: No audio channel exists.
[1103/154707.711:WARNING:used_ids.h(55)] Duplicate id found. Reassigning from 104 to 127
[1103/154707.711:WARNING:used_ids.h(55)] Duplicate id found. Reassigning from 102 to 125
[1103/154707.711:WARNING:used_ids.h(55)] Duplicate id found. Reassigning from 104 to 124
[1103/154707.711:WARNING:used_ids.h(55)] Duplicate id found. Reassigning from 106 to 123
[1103/154707.711:WARNING:used_ids.h(55)] Duplicate id found. Reassigning from 103 to 122
[1103/154707.711:WARNING:used_ids.h(55)] Duplicate id found. Reassigning from 105 to 121
[1103/154707.711:WARNING:used_ids.h(55)] Duplicate id found. Reassigning from 109 to 120
[1103/154707.711:WARNING:used_ids.h(55)] Duplicate id found. Reassigning from 1 to 14
[1103/154707.711:WARNING:used_ids.h(55)] Duplicate id found. Reassigning from 3 to 13
[1103/154707.711:WARNING:used_ids.h(55)] Duplicate id found. Reassigning from 5 to 12
[1103/154707.711:WARNING:used_ids.h(55)] Duplicate id found. Reassigning from 6 to 11
[1103/154727.696:WARNING:used_ids.h(55)] Duplicate id found. Reassigning from 104 to 127
[1103/154727.696:WARNING:used_ids.h(55)] Duplicate id found. Reassigning from 102 to 125
[1103/154727.696:WARNING:used_ids.h(55)] Duplicate id found. Reassigning from 104 to 124
[1103/154727.696:WARNING:used_ids.h(55)] Duplicate id found. Reassigning from 106 to 123
[1103/154727.696:WARNING:used_ids.h(55)] Duplicate id found. Reassigning from 103 to 122
[1103/154727.696:WARNING:used_ids.h(55)] Duplicate id found. Reassigning from 105 to 121
[1103/154727.696:WARNING:used_ids.h(55)] Duplicate id found. Reassigning from 109 to 120
[1103/154727.696:WARNING:used_ids.h(55)] Duplicate id found. Reassigning from 1 to 14
[1103/154727.696:WARNING:used_ids.h(55)] Duplicate id found. Reassigning from 3 to 13
[1103/154727.696:WARNING:used_ids.h(55)] Duplicate id found. Reassigning from 5 to 12
[1103/154727.696:WARNING:used_ids.h(55)] Duplicate id found. Reassigning from 6 to 11
[1103/154727.696:ERROR:audio_rtp_receiver.cc(89)] AudioRtpReceiver::OnSetVolume: No audio channel exists.
[1103/154736.260:WARNING:used_ids.h(55)] Duplicate id found. Reassigning from 104 to 127
[1103/154736.260:WARNING:used_ids.h(55)] Duplicate id found. Reassigning from 102 to 125
[1103/154736.260:WARNING:used_ids.h(55)] Duplicate id found. Reassigning from 104 to 124
[1103/154736.260:WARNING:used_ids.h(55)] Duplicate id found. Reassigning from 106 to 123
[1103/154736.260:WARNING:used_ids.h(55)] Duplicate id found. Reassigning from 103 to 122
[1103/154736.260:WARNING:used_ids.h(55)] Duplicate id found. Reassigning from 105 to 121
[1103/154736.260:WARNING:used_ids.h(55)] Duplicate id found. Reassigning from 109 to 120
[1103/154736.260:WARNING:used_ids.h(55)] Duplicate id found. Reassigning from 1 to 14
[1103/154736.260:WARNING:used_ids.h(55)] Duplicate id found. Reassigning from 3 to 13
[1103/154736.260:WARNING:used_ids.h(55)] Duplicate id found. Reassigning from 5 to 12
[1103/154736.260:WARNING:used_ids.h(55)] Duplicate id found. Reassigning from 6 to 11
[1103/154736.261:ERROR:audio_rtp_receiver.cc(89)] AudioRtpReceiver::OnSetVolume: No audio channel exists.
[1103/154741.126:ERROR:audio_rtp_receiver.cc(89)] AudioRtpReceiver::OnSetVolume: No audio channel exists.
[1103/154741.126:WARNING:used_ids.h(55)] Duplicate id found. Reassigning from 104 to 127
[1103/154741.126:WARNING:used_ids.h(55)] Duplicate id found. Reassigning from 102 to 125
[1103/154741.126:WARNING:used_ids.h(55)] Duplicate id found. Reassigning from 104 to 124
[1103/154741.126:WARNING:used_ids.h(55)] Duplicate id found. Reassigning from 106 to 123
[1103/154741.126:WARNING:used_ids.h(55)] Duplicate id found. Reassigning from 103 to 122
[1103/154741.126:WARNING:used_ids.h(55)] Duplicate id found. Reassigning from 105 to 121
[1103/154741.126:WARNING:used_ids.h(55)] Duplicate id found. Reassigning from 109 to 120
[1103/154741.126:WARNING:used_ids.h(55)] Duplicate id found. Reassigning from 1 to 14
[1103/154741.126:WARNING:used_ids.h(55)] Duplicate id found. Reassigning from 3 to 13
[1103/154741.127:WARNING:used_ids.h(55)] Duplicate id found. Reassigning from 5 to 12
[1103/154741.127:WARNING:used_ids.h(55)] Duplicate id found. Reassigning from 6 to 11
[1103/154747.398:ERROR:audio_rtp_receiver.cc(89)] AudioRtpReceiver::OnSetVolume: No audio channel exists.
[1103/154747.398:WARNING:used_ids.h(55)] Duplicate id found. Reassigning from 104 to 127
[1103/154747.398:WARNING:used_ids.h(55)] Duplicate id found. Reassigning from 102 to 125
[1103/154747.398:WARNING:used_ids.h(55)] Duplicate id found. Reassigning from 104 to 124
[1103/154747.398:WARNING:used_ids.h(55)] Duplicate id found. Reassigning from 106 to 123
[1103/154747.398:WARNING:used_ids.h(55)] Duplicate id found. Reassigning from 103 to 122
[1103/154747.398:WARNING:used_ids.h(55)] Duplicate id found. Reassigning from 105 to 121
[1103/154747.398:WARNING:used_ids.h(55)] Duplicate id found. Reassigning from 109 to 120
[1103/154747.398:WARNING:used_ids.h(55)] Duplicate id found. Reassigning from 1 to 14
[1103/154747.398:WARNING:used_ids.h(55)] Duplicate id found. Reassigning from 3 to 13
[1103/154747.398:WARNING:used_ids.h(55)] Duplicate id found. Reassigning from 5 to 12
[1103/154747.398:WARNING:used_ids.h(55)] Duplicate id found. Reassigning from 6 to 11
[1103/154801.610:ERROR:audio_rtp_receiver.cc(89)] AudioRtpReceiver::OnSetVolume: No audio channel exists.
[1103/154801.611:WARNING:used_ids.h(55)] Duplicate id found. Reassigning from 104 to 127
[1103/154801.611:WARNING:used_ids.h(55)] Duplicate id found. Reassigning from 102 to 125
[1103/154801.611:WARNING:used_ids.h(55)] Duplicate id found. Reassigning from 104 to 124
[1103/154801.611:WARNING:used_ids.h(55)] Duplicate id found. Reassigning from 106 to 123
[1103/154801.611:WARNING:used_ids.h(55)] Duplicate id found. Reassigning from 103 to 122
[1103/154801.611:WARNING:used_ids.h(55)] Duplicate id found. Reassigning from 105 to 121
[1103/154801.611:WARNING:used_ids.h(55)] Duplicate id found. Reassigning from 109 to 120
[1103/154801.611:WARNING:used_ids.h(55)] Duplicate id found. Reassigning from 1 to 14
[1103/154801.611:WARNING:used_ids.h(55)] Duplicate id found. Reassigning from 3 to 13
[1103/154801.611:WARNING:used_ids.h(55)] Duplicate id found. Reassigning from 5 to 12
[1103/154801.611:WARNING:used_ids.h(55)] Duplicate id found. Reassigning from 6 to 11
[1103/154810.028:ERROR:audio_rtp_receiver.cc(89)] AudioRtpReceiver::OnSetVolume: No audio channel exists.
[1103/154810.028:WARNING:used_ids.h(55)] Duplicate id found. Reassigning from 104 to 127
[1103/154810.028:WARNING:used_ids.h(55)] Duplicate id found. Reassigning from 102 to 125
[1103/154810.028:WARNING:used_ids.h(55)] Duplicate id found. Reassigning from 104 to 124
[1103/154810.028:WARNING:used_ids.h(55)] Duplicate id found. Reassigning from 106 to 123
[1103/154810.028:WARNING:used_ids.h(55)] Duplicate id found. Reassigning from 103 to 122
[1103/154810.028:WARNING:used_ids.h(55)] Duplicate id found. Reassigning from 105 to 121
[1103/154810.028:WARNING:used_ids.h(55)] Duplicate id found. Reassigning from 109 to 120
[1103/154810.028:WARNING:used_ids.h(55)] Duplicate id found. Reassigning from 1 to 14
[1103/154810.028:WARNING:used_ids.h(55)] Duplicate id found. Reassigning from 3 to 13
[1103/154810.028:WARNING:used_ids.h(55)] Duplicate id found. Reassigning from 5 to 12
[1103/154810.028:WARNING:used_ids.h(55)] Duplicate id found. Reassigning from 6 to 11
[1103/154828.413:ERROR:batching_media_log.cc(38)] MediaEvent: {"error":"FFmpegDemuxer: no supported streams"}
[1103/154828.413:ERROR:batching_media_log.cc(35)] MediaEvent: {"pipeline_error":14}
[1103/154828.854:ERROR:batching_media_log.cc(38)] MediaEvent: {"error":"FFmpegDemuxer: no supported streams"}
[1103/154828.856:ERROR:batching_media_log.cc(35)] MediaEvent: {"pipeline_error":14}
[1107/014944.632:WARNING:spdy_session.cc(3365)] Received HEADERS for invalid stream 27
[1107/014944.637:WARNING:spdy_session.cc(3365)] Received HEADERS for invalid stream 25
[1107/014944.637:WARNING:spdy_session.cc(3365)] Received HEADERS for invalid stream 35
[1107/014944.637:WARNING:spdy_session.cc(3365)] Received HEADERS for invalid stream 29
[1107/014944.637:WARNING:spdy_session.cc(3365)] Received HEADERS for invalid stream 33
[1107/014944.637:WARNING:spdy_session.cc(3365)] Received HEADERS for invalid stream 31
[1107/014944.654:WARNING:spdy_session.cc(3365)] Received HEADERS for invalid stream 21
[1107/014944.654:WARNING:spdy_session.cc(3365)] Received HEADERS for invalid stream 37
[1107/014944.730:WARNING:spdy_session.cc(3365)] Received HEADERS for invalid stream 39
[1107/014944.730:WARNING:spdy_session.cc(3365)] Received HEADERS for invalid stream 41
[1107/014944.730:WARNING:spdy_session.cc(3365)] Received HEADERS for invalid stream 43
[1107/014944.730:WARNING:spdy_session.cc(3365)] Received HEADERS for invalid stream 47
[1107/014944.730:WARNING:spdy_session.cc(3365)] Received HEADERS for invalid stream 49
[1107/014944.730:WARNING:spdy_session.cc(3365)] Received HEADERS for invalid stream 51
[1107/014944.730:WARNING:spdy_session.cc(3365)] Received HEADERS for invalid stream 53
[1107/014944.730:WARNING:spdy_session.cc(3365)] Received HEADERS for invalid stream 55
[1107/014944.731:WARNING:spdy_session.cc(3365)] Received HEADERS for invalid stream 57
[1107/014944.731:WARNING:spdy_session.cc(3365)] Received HEADERS for invalid stream 61
[1107/014944.731:WARNING:spdy_session.cc(3365)] Received HEADERS for invalid stream 63
[1107/014944.731:WARNING:spdy_session.cc(3365)] Received HEADERS for invalid stream 71
[1107/014944.731:WARNING:spdy_session.cc(3365)] Received HEADERS for invalid stream 69
[1107/014944.731:WARNING:spdy_session.cc(3365)] Received HEADERS for invalid stream 67
[1107/014944.731:WARNING:spdy_session.cc(3365)] Received HEADERS for invalid stream 65
[1107/014944.731:WARNING:spdy_session.cc(3365)] Received HEADERS for invalid stream 73
[1107/014944.731:WARNING:spdy_session.cc(3365)] Received HEADERS for invalid stream 83
[1107/014944.731:WARNING:spdy_session.cc(3365)] Received HEADERS for invalid stream 79
[1107/014944.731:WARNING:spdy_session.cc(3365)] Received HEADERS for invalid stream 87
[1107/014944.731:WARNING:spdy_session.cc(3365)] Received HEADERS for invalid stream 91
[1107/014944.731:WARNING:spdy_session.cc(3365)] Received HEADERS for invalid stream 93
[1107/014944.731:WARNING:spdy_session.cc(3365)] Received HEADERS for invalid stream 75
[1107/014944.731:WARNING:spdy_session.cc(3365)] Received HEADERS for invalid stream 95
[1107/014944.731:WARNING:spdy_session.cc(3365)] Received HEADERS for invalid stream 77
[1107/014944.731:WARNING:spdy_session.cc(3365)] Received HEADERS for invalid stream 81
[1107/014944.731:WARNING:spdy_session.cc(3365)] Received HEADERS for invalid stream 97
[1107/014944.731:WARNING:spdy_session.cc(3365)] Received HEADERS for invalid stream 101
[1107/014944.731:WARNING:spdy_session.cc(3365)] Received HEADERS for invalid stream 89
[1107/014944.731:WARNING:spdy_session.cc(3365)] Received HEADERS for invalid stream 85
[1107/014944.731:WARNING:spdy_session.cc(3365)] Received HEADERS for invalid stream 105
[1107/014944.731:WARNING:spdy_session.cc(3365)] Received HEADERS for invalid stream 59
[1107/014944.731:WARNING:spdy_session.cc(3365)] Received HEADERS for invalid stream 99
[1107/014944.731:WARNING:spdy_session.cc(3365)] Received HEADERS for invalid stream 103
[1107/014944.731:WARNING:spdy_session.cc(3365)] Received HEADERS for invalid stream 107
[1107/015048.626:WARNING:used_ids.h(55)] Duplicate id found. Reassigning from 104 to 127
[1107/015048.626:WARNING:used_ids.h(55)] Duplicate id found. Reassigning from 102 to 125
[1107/015048.626:WARNING:used_ids.h(55)] Duplicate id found. Reassigning from 104 to 124
[1107/015048.626:WARNING:used_ids.h(55)] Duplicate id found. Reassigning from 106 to 123
[1107/015048.626:WARNING:used_ids.h(55)] Duplicate id found. Reassigning from 103 to 122
[1107/015048.626:WARNING:used_ids.h(55)] Duplicate id found. Reassigning from 105 to 121
[1107/015048.626:WARNING:used_ids.h(55)] Duplicate id found. Reassigning from 109 to 120
[1107/015048.626:WARNING:used_ids.h(55)] Duplicate id found. Reassigning from 1 to 14
[1107/015048.626:WARNING:used_ids.h(55)] Duplicate id found. Reassigning from 3 to 13
[1107/015048.626:WARNING:used_ids.h(55)] Duplicate id found. Reassigning from 5 to 12
[1107/015048.626:WARNING:used_ids.h(55)] Duplicate id found. Reassigning from 6 to 11
[1107/015048.627:ERROR:audio_rtp_receiver.cc(89)] AudioRtpReceiver::OnSetVolume: No audio channel exists.
[1107/015111.513:WARNING:used_ids.h(55)] Duplicate id found. Reassigning from 104 to 127
[1107/015111.513:WARNING:used_ids.h(55)] Duplicate id found. Reassigning from 102 to 125
[1107/015111.513:WARNING:used_ids.h(55)] Duplicate id found. Reassigning from 104 to 124
[1107/015111.513:WARNING:used_ids.h(55)] Duplicate id found. Reassigning from 106 to 123
[1107/015111.513:WARNING:used_ids.h(55)] Duplicate id found. Reassigning from 103 to 122
[1107/015111.513:WARNING:used_ids.h(55)] Duplicate id found. Reassigning from 105 to 121
[1107/015111.513:WARNING:used_ids.h(55)] Duplicate id found. Reassigning from 109 to 120
[1107/015111.513:WARNING:used_ids.h(55)] Duplicate id found. Reassigning from 1 to 14
[1107/015111.513:WARNING:used_ids.h(55)] Duplicate id found. Reassigning from 3 to 13
[1107/015111.513:WARNING:used_ids.h(55)] Duplicate id found. Reassigning from 5 to 12
[1107/015111.513:WARNING:used_ids.h(55)] Duplicate id found. Reassigning from 6 to 11
[1107/015111.514:ERROR:audio_rtp_receiver.cc(89)] AudioRtpReceiver::OnSetVolume: No audio channel exists.
[1107/015131.693:ERROR:batching_media_log.cc(38)] MediaEvent: {"error":"FFmpegDemuxer: no supported streams"}
[1107/015131.693:ERROR:batching_media_log.cc(35)] MediaEvent: {"pipeline_error":14}
[1107/015132.571:ERROR:batching_media_log.cc(38)] MediaEvent: {"error":"FFmpegDemuxer: no supported streams"}
[1107/015132.573:ERROR:batching_media_log.cc(35)] MediaEvent: {"pipeline_error":14}
<<<<<<< HEAD
<<<<<<< HEAD
=======
>>>>>>> upstream/main
[1112/162107.746:WARNING:gpu_process_host.cc(1230)] The GPU process has crashed 1 time(s)
=======
>>>>>>> Ron
[1111/163354.546:ERROR:audio_rtp_receiver.cc(89)] AudioRtpReceiver::OnSetVolume: No audio channel exists.
[1111/163354.552:WARNING:used_ids.h(55)] Duplicate id found. Reassigning from 104 to 127
[1111/163354.552:WARNING:used_ids.h(55)] Duplicate id found. Reassigning from 102 to 125
[1111/163354.552:WARNING:used_ids.h(55)] Duplicate id found. Reassigning from 104 to 124
[1111/163354.552:WARNING:used_ids.h(55)] Duplicate id found. Reassigning from 106 to 123
[1111/163354.552:WARNING:used_ids.h(55)] Duplicate id found. Reassigning from 103 to 122
[1111/163354.552:WARNING:used_ids.h(55)] Duplicate id found. Reassigning from 105 to 121
[1111/163354.553:WARNING:used_ids.h(55)] Duplicate id found. Reassigning from 109 to 120
[1111/163354.553:WARNING:used_ids.h(55)] Duplicate id found. Reassigning from 1 to 14
[1111/163354.553:WARNING:used_ids.h(55)] Duplicate id found. Reassigning from 3 to 13
[1111/163354.553:WARNING:used_ids.h(55)] Duplicate id found. Reassigning from 5 to 12
[1111/163354.553:WARNING:used_ids.h(55)] Duplicate id found. Reassigning from 6 to 11
[1111/163412.421:WARNING:used_ids.h(55)] Duplicate id found. Reassigning from 104 to 127
[1111/163412.421:WARNING:used_ids.h(55)] Duplicate id found. Reassigning from 102 to 125
[1111/163412.421:WARNING:used_ids.h(55)] Duplicate id found. Reassigning from 104 to 124
[1111/163412.421:WARNING:used_ids.h(55)] Duplicate id found. Reassigning from 106 to 123
[1111/163412.421:WARNING:used_ids.h(55)] Duplicate id found. Reassigning from 103 to 122
[1111/163412.421:WARNING:used_ids.h(55)] Duplicate id found. Reassigning from 105 to 121
[1111/163412.421:WARNING:used_ids.h(55)] Duplicate id found. Reassigning from 109 to 120
[1111/163412.421:WARNING:used_ids.h(55)] Duplicate id found. Reassigning from 1 to 14
[1111/163412.421:WARNING:used_ids.h(55)] Duplicate id found. Reassigning from 3 to 13
[1111/163412.421:WARNING:used_ids.h(55)] Duplicate id found. Reassigning from 5 to 12
[1111/163412.421:WARNING:used_ids.h(55)] Duplicate id found. Reassigning from 6 to 11
[1111/163412.421:ERROR:audio_rtp_receiver.cc(89)] AudioRtpReceiver::OnSetVolume: No audio channel exists.
[1111/163437.280:ERROR:batching_media_log.cc(38)] MediaEvent: {"error":"FFmpegDemuxer: no supported streams"}
[1111/163437.280:ERROR:batching_media_log.cc(35)] MediaEvent: {"pipeline_error":14}
[1111/163437.743:ERROR:batching_media_log.cc(38)] MediaEvent: {"error":"FFmpegDemuxer: no supported streams"}
[1111/163437.743:ERROR:batching_media_log.cc(35)] MediaEvent: {"pipeline_error":14}
[1115/210050.718:ERROR:ssl_client_socket_impl.cc(959)] handshake failed; returned -1, SSL error code 1, net_error -101
[1115/210050.725:ERROR:ssl_client_socket_impl.cc(959)] handshake failed; returned -1, SSL error code 1, net_error -101
[1115/210050.725:ERROR:ssl_client_socket_impl.cc(959)] handshake failed; returned -1, SSL error code 1, net_error -101
[1115/210051.218:ERROR:ssl_client_socket_impl.cc(959)] handshake failed; returned -1, SSL error code 1, net_error -101
[1115/210051.218:ERROR:ssl_client_socket_impl.cc(959)] handshake failed; returned -1, SSL error code 1, net_error -101
[1115/210052.290:ERROR:ssl_client_socket_impl.cc(959)] handshake failed; returned -1, SSL error code 1, net_error -101
[1115/210052.305:ERROR:ssl_client_socket_impl.cc(959)] handshake failed; returned -1, SSL error code 1, net_error -101
[1115/210053.771:ERROR:ssl_client_socket_impl.cc(959)] handshake failed; returned -1, SSL error code 1, net_error -101
[1115/210054.724:ERROR:ssl_client_socket_impl.cc(959)] handshake failed; returned -1, SSL error code 1, net_error -101
[1115/210059.713:ERROR:ssl_client_socket_impl.cc(959)] handshake failed; returned -1, SSL error code 1, net_error -101
[1115/210101.752:ERROR:ssl_client_socket_impl.cc(959)] handshake failed; returned -1, SSL error code 1, net_error -101
[1115/210101.783:ERROR:ssl_client_socket_impl.cc(959)] handshake failed; returned -1, SSL error code 1, net_error -101
[1115/210101.844:ERROR:ssl_client_socket_impl.cc(959)] handshake failed; returned -1, SSL error code 1, net_error -101
[1115/210101.907:ERROR:ssl_client_socket_impl.cc(959)] handshake failed; returned -1, SSL error code 1, net_error -101
<<<<<<< HEAD
=======
>>>>>>> upstream/main
[1112/162107.746:WARNING:gpu_process_host.cc(1230)] The GPU process has crashed 1 time(s)
>>>>>>> Ron
=======
>>>>>>> main
>>>>>>> Ron
[1121/030943.287:ERROR:transport_security_persister.cc(413)] Failed to deserialize state: <<<<<<< HEAD
<<<<<<< HEAD
{
   "1SPWdvPJP1fCUhLZIB1LpusMdju/XAX2DbnoblktVp0=": {
      "expiry": 1700122880.384663,
      "mode": "force-https",
      "sts_include_subdomains": true,
      "sts_observed": 1668586880.384664
   },
   "M4bfUnCmQAi4PNb3B8aI/2+SVJhHKsMfMMT7fzi6ij4=": {
      "expiry": 1700122872.354238,
      "mode": "force-https",
      "sts_include_subdomains": true,
      "sts_observed": 1668586872.35424
   },
   "fJjUrPqhktMfiTHJX3Q0pJi/P12Q72DBgzzJqjlNC4o=": {
      "expiry": 1679473272.331655,
      "mode": "force-https",
      "sts_include_subdomains": true,
      "sts_observed": 1668586872.331658
   },
   "nAuqgR4iEWti7SOdT3UHPl6rmZU/DeaIm38P2O2OkgA=": {
      "expiry": 1700122871.636605,
      "mode": "force-https",
      "sts_include_subdomains": false,
      "sts_observed": 1668586871.636606
   }
}
=======
=======
>>>>>>> Ron
{
   "1SPWdvPJP1fCUhLZIB1LpusMdju/XAX2DbnoblktVp0=": {
      "expiry": 1700071994.54143,
      "mode": "force-https",
      "sts_include_subdomains": true,
      "sts_observed": 1668535994.541436
   },
   "M4bfUnCmQAi4PNb3B8aI/2+SVJhHKsMfMMT7fzi6ij4=": {
      "expiry": 1700071992.834986,
      "mode": "force-https",
      "sts_include_subdomains": true,
      "sts_observed": 1668535992.834993
   },
   "aOQPTpHf0QvV/9meCm7MGIvpSqjlAEMdE+G8Nelk90o=": {
      "expiry": 1700071997.640038,
      "mode": "force-https",
      "sts_include_subdomains": true,
      "sts_observed": 1668535997.640044
   },
   "fJjUrPqhktMfiTHJX3Q0pJi/P12Q72DBgzzJqjlNC4o=": {
      "expiry": 1679094734.337099,
      "mode": "force-https",
      "sts_include_subdomains": true,
      "sts_observed": 1668208334.337108
   },
   "k2K4kQd8V1+vi/G5kkyFFG8um2NS1HRPIzw/cUH/uIo=": {
      "expiry": 1699824170.033918,
      "mode": "force-https",
      "sts_include_subdomains": true,
      "sts_observed": 1668288170.033926
   },
   "nAuqgR4iEWti7SOdT3UHPl6rmZU/DeaIm38P2O2OkgA=": {
      "expiry": 1700071992.708674,
      "mode": "force-https",
      "sts_include_subdomains": false,
      "sts_observed": 1668535992.708678
   }
}
<<<<<<< HEAD
>>>>>>> Ron
=======
=======
{
   "1SPWdvPJP1fCUhLZIB1LpusMdju/XAX2DbnoblktVp0=": {
      "expiry": 1700122880.384663,
      "mode": "force-https",
      "sts_include_subdomains": true,
      "sts_observed": 1668586880.384664
   },
   "M4bfUnCmQAi4PNb3B8aI/2+SVJhHKsMfMMT7fzi6ij4=": {
      "expiry": 1700122872.354238,
      "mode": "force-https",
      "sts_include_subdomains": true,
      "sts_observed": 1668586872.35424
   },
   "fJjUrPqhktMfiTHJX3Q0pJi/P12Q72DBgzzJqjlNC4o=": {
      "expiry": 1679473272.331655,
      "mode": "force-https",
      "sts_include_subdomains": true,
      "sts_observed": 1668586872.331658
   },
   "nAuqgR4iEWti7SOdT3UHPl6rmZU/DeaIm38P2O2OkgA=": {
      "expiry": 1700122871.636605,
      "mode": "force-https",
      "sts_include_subdomains": false,
      "sts_observed": 1668586871.636606
   }
}
>>>>>>> main
>>>>>>> Ron

[1121/030944.922:WARNING:backend_impl.cc(1813)] Destroying invalid entry.
[1121/030944.922:ERROR:backend_impl.cc(1041)] Critical error found -8
[1121/030944.923:WARNING:storage_block-inl.h(146)] Failed data load.
[1121/030944.923:ERROR:entry_impl.cc(1076)] No file for c1030166
[1121/030944.925:WARNING:storage_block-inl.h(146)] Failed data load.
[1121/030944.927:WARNING:storage_block-inl.h(146)] Failed data load.
[1121/030944.927:WARNING:storage_block-inl.h(146)] Failed data load.
[1121/030944.927:WARNING:storage_block-inl.h(146)] Failed data load.
[1121/030944.927:WARNING:storage_block-inl.h(146)] Failed data load.
[1121/030944.927:WARNING:storage_block-inl.h(146)] Failed data load.
[1121/030944.927:WARNING:storage_block-inl.h(146)] Failed data load.
[1121/030944.927:WARNING:storage_block-inl.h(146)] Failed data load.
[1121/030944.927:WARNING:storage_block-inl.h(146)] Failed data load.
[1121/030944.927:ERROR:entry_impl.cc(998)] Failed to save user data
[1121/030944.927:ERROR:entry_impl.cc(998)] Failed to save user data
[1121/030944.927:WARNING:storage_block-inl.h(146)] Failed data load.
[1121/030944.927:WARNING:storage_block-inl.h(146)] Failed data load.
[1121/030944.927:WARNING:storage_block-inl.h(146)] Failed data load.
[1121/030944.927:WARNING:storage_block-inl.h(146)] Failed data load.
[1121/030944.928:WARNING:storage_block-inl.h(146)] Failed data load.
[1121/030944.928:WARNING:storage_block-inl.h(146)] Failed data load.
[1121/030944.928:WARNING:storage_block-inl.h(146)] Failed data load.
[1121/030944.928:WARNING:storage_block-inl.h(146)] Failed data load.
[1121/030944.928:ERROR:entry_impl.cc(998)] Failed to save user data
[1121/030944.928:ERROR:entry_impl.cc(998)] Failed to save user data
[1121/030944.928:ERROR:entry_impl.cc(998)] Failed to save user data
[1121/030944.928:ERROR:entry_impl.cc(998)] Failed to save user data
[1121/030944.993:WARNING:storage_block-inl.h(146)] Failed data load.
[1121/030944.993:WARNING:storage_block-inl.h(146)] Failed data load.
[1121/030944.993:WARNING:storage_block-inl.h(146)] Failed data load.
[1121/030944.993:WARNING:storage_block-inl.h(146)] Failed data load.
[1121/030944.993:WARNING:storage_block-inl.h(146)] Failed data load.
[1121/030944.993:WARNING:storage_block-inl.h(146)] Failed data load.
[1121/030944.996:WARNING:storage_block-inl.h(146)] Failed data load.
[1121/030944.996:WARNING:storage_block-inl.h(146)] Failed data load.
[1121/030945.003:WARNING:storage_block-inl.h(146)] Failed data load.
[1121/030945.003:WARNING:storage_block-inl.h(146)] Failed data load.
[1121/030945.005:ERROR:entry_impl.cc(998)] Failed to save user data
[1121/030945.005:ERROR:entry_impl.cc(998)] Failed to save user data
[1128/060340.190:ERROR:transport_security_persister.cc(413)] Failed to deserialize state: <<<<<<< HEAD
<<<<<<< HEAD
{
   "1SPWdvPJP1fCUhLZIB1LpusMdju/XAX2DbnoblktVp0=": {
      "expiry": 1700122880.384663,
      "mode": "force-https",
      "sts_include_subdomains": true,
      "sts_observed": 1668586880.384664
   },
   "M4bfUnCmQAi4PNb3B8aI/2+SVJhHKsMfMMT7fzi6ij4=": {
      "expiry": 1700122872.354238,
      "mode": "force-https",
      "sts_include_subdomains": true,
      "sts_observed": 1668586872.35424
   },
   "fJjUrPqhktMfiTHJX3Q0pJi/P12Q72DBgzzJqjlNC4o=": {
      "expiry": 1679473272.331655,
      "mode": "force-https",
      "sts_include_subdomains": true,
      "sts_observed": 1668586872.331658
   },
   "nAuqgR4iEWti7SOdT3UHPl6rmZU/DeaIm38P2O2OkgA=": {
      "expiry": 1700122871.636605,
      "mode": "force-https",
      "sts_include_subdomains": false,
      "sts_observed": 1668586871.636606
   }
}
=======
=======
>>>>>>> Ron
{
   "1SPWdvPJP1fCUhLZIB1LpusMdju/XAX2DbnoblktVp0=": {
      "expiry": 1700071994.54143,
      "mode": "force-https",
      "sts_include_subdomains": true,
      "sts_observed": 1668535994.541436
   },
   "M4bfUnCmQAi4PNb3B8aI/2+SVJhHKsMfMMT7fzi6ij4=": {
      "expiry": 1700071992.834986,
      "mode": "force-https",
      "sts_include_subdomains": true,
      "sts_observed": 1668535992.834993
   },
   "aOQPTpHf0QvV/9meCm7MGIvpSqjlAEMdE+G8Nelk90o=": {
      "expiry": 1700071997.640038,
      "mode": "force-https",
      "sts_include_subdomains": true,
      "sts_observed": 1668535997.640044
   },
   "fJjUrPqhktMfiTHJX3Q0pJi/P12Q72DBgzzJqjlNC4o=": {
      "expiry": 1679094734.337099,
      "mode": "force-https",
      "sts_include_subdomains": true,
      "sts_observed": 1668208334.337108
   },
   "k2K4kQd8V1+vi/G5kkyFFG8um2NS1HRPIzw/cUH/uIo=": {
      "expiry": 1699824170.033918,
      "mode": "force-https",
      "sts_include_subdomains": true,
      "sts_observed": 1668288170.033926
   },
   "nAuqgR4iEWti7SOdT3UHPl6rmZU/DeaIm38P2O2OkgA=": {
      "expiry": 1700071992.708674,
      "mode": "force-https",
      "sts_include_subdomains": false,
      "sts_observed": 1668535992.708678
   }
}
<<<<<<< HEAD
>>>>>>> Ron
=======
=======
{
   "1SPWdvPJP1fCUhLZIB1LpusMdju/XAX2DbnoblktVp0=": {
      "expiry": 1700122880.384663,
      "mode": "force-https",
      "sts_include_subdomains": true,
      "sts_observed": 1668586880.384664
   },
   "M4bfUnCmQAi4PNb3B8aI/2+SVJhHKsMfMMT7fzi6ij4=": {
      "expiry": 1700122872.354238,
      "mode": "force-https",
      "sts_include_subdomains": true,
      "sts_observed": 1668586872.35424
   },
   "fJjUrPqhktMfiTHJX3Q0pJi/P12Q72DBgzzJqjlNC4o=": {
      "expiry": 1679473272.331655,
      "mode": "force-https",
      "sts_include_subdomains": true,
      "sts_observed": 1668586872.331658
   },
   "nAuqgR4iEWti7SOdT3UHPl6rmZU/DeaIm38P2O2OkgA=": {
      "expiry": 1700122871.636605,
      "mode": "force-https",
      "sts_include_subdomains": false,
      "sts_observed": 1668586871.636606
   }
}
>>>>>>> main
>>>>>>> Ron

[1128/060341.981:WARNING:backend_impl.cc(1813)] Destroying invalid entry.
[1128/060341.981:ERROR:backend_impl.cc(1041)] Critical error found -8
[1128/060341.981:WARNING:storage_block-inl.h(146)] Failed data load.
[1128/060341.981:ERROR:entry_impl.cc(1076)] No file for c1030166
[1128/060341.991:WARNING:storage_block-inl.h(146)] Failed data load.
[1128/060342.065:ERROR:entry_impl.cc(998)] Failed to save user data
[1128/060342.066:ERROR:entry_impl.cc(998)] Failed to save user data
[1128/061035.720:WARNING:used_ids.h(55)] Duplicate id found. Reassigning from 104 to 127
[1128/061035.720:WARNING:used_ids.h(55)] Duplicate id found. Reassigning from 102 to 125
[1128/061035.720:WARNING:used_ids.h(55)] Duplicate id found. Reassigning from 104 to 124
[1128/061035.720:WARNING:used_ids.h(55)] Duplicate id found. Reassigning from 106 to 123
[1128/061035.720:WARNING:used_ids.h(55)] Duplicate id found. Reassigning from 103 to 122
[1128/061035.720:WARNING:used_ids.h(55)] Duplicate id found. Reassigning from 105 to 121
[1128/061035.720:WARNING:used_ids.h(55)] Duplicate id found. Reassigning from 109 to 120
[1128/061035.721:WARNING:used_ids.h(55)] Duplicate id found. Reassigning from 1 to 14
[1128/061035.721:WARNING:used_ids.h(55)] Duplicate id found. Reassigning from 3 to 13
[1128/061035.721:WARNING:used_ids.h(55)] Duplicate id found. Reassigning from 5 to 12
[1128/061035.721:WARNING:used_ids.h(55)] Duplicate id found. Reassigning from 6 to 11
[1128/061035.722:ERROR:audio_rtp_receiver.cc(89)] AudioRtpReceiver::OnSetVolume: No audio channel exists.
[1128/061052.890:WARNING:used_ids.h(55)] Duplicate id found. Reassigning from 104 to 127
[1128/061052.890:WARNING:used_ids.h(55)] Duplicate id found. Reassigning from 102 to 125
[1128/061052.890:WARNING:used_ids.h(55)] Duplicate id found. Reassigning from 104 to 124
[1128/061052.890:WARNING:used_ids.h(55)] Duplicate id found. Reassigning from 106 to 123
[1128/061052.890:WARNING:used_ids.h(55)] Duplicate id found. Reassigning from 103 to 122
[1128/061052.890:WARNING:used_ids.h(55)] Duplicate id found. Reassigning from 105 to 121
[1128/061052.890:WARNING:used_ids.h(55)] Duplicate id found. Reassigning from 109 to 120
[1128/061052.890:WARNING:used_ids.h(55)] Duplicate id found. Reassigning from 1 to 14
[1128/061052.890:WARNING:used_ids.h(55)] Duplicate id found. Reassigning from 3 to 13
[1128/061052.890:WARNING:used_ids.h(55)] Duplicate id found. Reassigning from 5 to 12
[1128/061052.890:WARNING:used_ids.h(55)] Duplicate id found. Reassigning from 6 to 11
[1128/061052.891:ERROR:audio_rtp_receiver.cc(89)] AudioRtpReceiver::OnSetVolume: No audio channel exists.
[1128/061114.275:ERROR:batching_media_log.cc(38)] MediaEvent: {"error":"FFmpegDemuxer: no supported streams"}
[1128/061114.275:ERROR:batching_media_log.cc(35)] MediaEvent: {"pipeline_error":14}
[1128/061115.079:ERROR:batching_media_log.cc(38)] MediaEvent: {"error":"FFmpegDemuxer: no supported streams"}
[1128/061115.079:ERROR:batching_media_log.cc(35)] MediaEvent: {"pipeline_error":14}
[1129/034348.198:ERROR:transport_security_persister.cc(413)] Failed to deserialize state: <<<<<<< HEAD
<<<<<<< HEAD
{
   "1SPWdvPJP1fCUhLZIB1LpusMdju/XAX2DbnoblktVp0=": {
      "expiry": 1700122880.384663,
      "mode": "force-https",
      "sts_include_subdomains": true,
      "sts_observed": 1668586880.384664
   },
   "M4bfUnCmQAi4PNb3B8aI/2+SVJhHKsMfMMT7fzi6ij4=": {
      "expiry": 1700122872.354238,
      "mode": "force-https",
      "sts_include_subdomains": true,
      "sts_observed": 1668586872.35424
   },
   "fJjUrPqhktMfiTHJX3Q0pJi/P12Q72DBgzzJqjlNC4o=": {
      "expiry": 1679473272.331655,
      "mode": "force-https",
      "sts_include_subdomains": true,
      "sts_observed": 1668586872.331658
   },
   "nAuqgR4iEWti7SOdT3UHPl6rmZU/DeaIm38P2O2OkgA=": {
      "expiry": 1700122871.636605,
      "mode": "force-https",
      "sts_include_subdomains": false,
      "sts_observed": 1668586871.636606
   }
}
=======
=======
>>>>>>> Ron
{
   "1SPWdvPJP1fCUhLZIB1LpusMdju/XAX2DbnoblktVp0=": {
      "expiry": 1700071994.54143,
      "mode": "force-https",
      "sts_include_subdomains": true,
      "sts_observed": 1668535994.541436
   },
   "M4bfUnCmQAi4PNb3B8aI/2+SVJhHKsMfMMT7fzi6ij4=": {
      "expiry": 1700071992.834986,
      "mode": "force-https",
      "sts_include_subdomains": true,
      "sts_observed": 1668535992.834993
   },
   "aOQPTpHf0QvV/9meCm7MGIvpSqjlAEMdE+G8Nelk90o=": {
      "expiry": 1700071997.640038,
      "mode": "force-https",
      "sts_include_subdomains": true,
      "sts_observed": 1668535997.640044
   },
   "fJjUrPqhktMfiTHJX3Q0pJi/P12Q72DBgzzJqjlNC4o=": {
      "expiry": 1679094734.337099,
      "mode": "force-https",
      "sts_include_subdomains": true,
      "sts_observed": 1668208334.337108
   },
   "k2K4kQd8V1+vi/G5kkyFFG8um2NS1HRPIzw/cUH/uIo=": {
      "expiry": 1699824170.033918,
      "mode": "force-https",
      "sts_include_subdomains": true,
      "sts_observed": 1668288170.033926
   },
   "nAuqgR4iEWti7SOdT3UHPl6rmZU/DeaIm38P2O2OkgA=": {
      "expiry": 1700071992.708674,
      "mode": "force-https",
      "sts_include_subdomains": false,
      "sts_observed": 1668535992.708678
   }
}
<<<<<<< HEAD
>>>>>>> Ron
=======
=======
{
   "1SPWdvPJP1fCUhLZIB1LpusMdju/XAX2DbnoblktVp0=": {
      "expiry": 1700122880.384663,
      "mode": "force-https",
      "sts_include_subdomains": true,
      "sts_observed": 1668586880.384664
   },
   "M4bfUnCmQAi4PNb3B8aI/2+SVJhHKsMfMMT7fzi6ij4=": {
      "expiry": 1700122872.354238,
      "mode": "force-https",
      "sts_include_subdomains": true,
      "sts_observed": 1668586872.35424
   },
   "fJjUrPqhktMfiTHJX3Q0pJi/P12Q72DBgzzJqjlNC4o=": {
      "expiry": 1679473272.331655,
      "mode": "force-https",
      "sts_include_subdomains": true,
      "sts_observed": 1668586872.331658
   },
   "nAuqgR4iEWti7SOdT3UHPl6rmZU/DeaIm38P2O2OkgA=": {
      "expiry": 1700122871.636605,
      "mode": "force-https",
      "sts_include_subdomains": false,
      "sts_observed": 1668586871.636606
   }
}
>>>>>>> main
>>>>>>> Ron

[1129/034349.764:WARNING:backend_impl.cc(1813)] Destroying invalid entry.
[1129/034349.764:ERROR:backend_impl.cc(1041)] Critical error found -8
[1129/034349.764:WARNING:storage_block-inl.h(146)] Failed data load.
[1129/034349.764:ERROR:entry_impl.cc(1076)] No file for c1030166
[1129/034349.764:WARNING:storage_block-inl.h(146)] Failed data load.
[1129/034351.496:WARNING:storage_block-inl.h(146)] Failed data load.
[1129/034351.496:WARNING:storage_block-inl.h(146)] Failed data load.
[1129/034351.496:WARNING:storage_block-inl.h(146)] Failed data load.
[1129/034351.496:WARNING:storage_block-inl.h(146)] Failed data load.
[1129/034351.496:WARNING:storage_block-inl.h(146)] Failed data load.
[1129/034351.496:WARNING:storage_block-inl.h(146)] Failed data load.
[1129/034351.497:WARNING:storage_block-inl.h(146)] Failed data load.
[1129/034351.497:WARNING:storage_block-inl.h(146)] Failed data load.
[1129/034351.498:WARNING:storage_block-inl.h(146)] Failed data load.
[1129/034351.498:WARNING:storage_block-inl.h(146)] Failed data load.
[1129/034351.498:WARNING:storage_block-inl.h(146)] Failed data load.
[1129/034351.498:WARNING:storage_block-inl.h(146)] Failed data load.
[1129/034351.498:WARNING:storage_block-inl.h(146)] Failed data load.
[1129/034351.498:WARNING:storage_block-inl.h(146)] Failed data load.
[1129/034351.498:WARNING:storage_block-inl.h(146)] Failed data load.
[1129/034351.498:WARNING:storage_block-inl.h(146)] Failed data load.
[1129/034351.499:WARNING:storage_block-inl.h(146)] Failed data load.
[1129/034351.499:WARNING:storage_block-inl.h(146)] Failed data load.
[1129/034351.499:ERROR:entry_impl.cc(998)] Failed to save user data
[1129/034351.499:ERROR:entry_impl.cc(998)] Failed to save user data
[1129/034351.499:WARNING:storage_block-inl.h(146)] Failed data load.
[1129/034351.499:WARNING:storage_block-inl.h(146)] Failed data load.
[1129/034351.499:WARNING:storage_block-inl.h(146)] Failed data load.
[1129/034351.500:WARNING:storage_block-inl.h(146)] Failed data load.
[1129/034351.500:WARNING:storage_block-inl.h(146)] Failed data load.
[1129/034351.500:WARNING:storage_block-inl.h(146)] Failed data load.
[1129/034351.500:ERROR:entry_impl.cc(998)] Failed to save user data
[1129/034351.500:ERROR:entry_impl.cc(998)] Failed to save user data
[1129/034351.500:ERROR:entry_impl.cc(998)] Failed to save user data
[1129/034351.500:ERROR:entry_impl.cc(998)] Failed to save user data
[1129/034351.500:ERROR:entry_impl.cc(998)] Failed to save user data
[1129/034351.500:ERROR:entry_impl.cc(998)] Failed to save user data
[1129/034409.407:WARNING:spdy_session.cc(3365)] Received HEADERS for invalid stream 9
[1129/034409.408:WARNING:spdy_session.cc(3365)] Received HEADERS for invalid stream 11
[1129/034409.446:WARNING:spdy_session.cc(3365)] Received HEADERS for invalid stream 15
[1129/034409.447:WARNING:spdy_session.cc(3365)] Received HEADERS for invalid stream 13
[1129/034409.448:WARNING:spdy_session.cc(3365)] Received HEADERS for invalid stream 17
[1129/034409.449:WARNING:spdy_session.cc(3365)] Received HEADERS for invalid stream 21
[1129/034409.553:WARNING:spdy_session.cc(3365)] Received HEADERS for invalid stream 27
[1129/034409.555:WARNING:spdy_session.cc(3365)] Received HEADERS for invalid stream 25
[1129/034409.557:WARNING:spdy_session.cc(3365)] Received HEADERS for invalid stream 23
[1129/034409.557:WARNING:spdy_session.cc(3365)] Received HEADERS for invalid stream 29
[1129/034409.574:WARNING:spdy_session.cc(3365)] Received HEADERS for invalid stream 19
[1129/034409.619:WARNING:spdy_session.cc(3365)] Received HEADERS for invalid stream 3
[1129/034409.619:WARNING:spdy_session.cc(3365)] Received HEADERS for invalid stream 5
[1129/034409.619:WARNING:spdy_session.cc(3365)] Received HEADERS for invalid stream 7
[1129/034409.620:WARNING:spdy_session.cc(3365)] Received HEADERS for invalid stream 33
[1129/034409.620:WARNING:spdy_session.cc(3365)] Received HEADERS for invalid stream 35
[1129/034409.620:WARNING:spdy_session.cc(3365)] Received HEADERS for invalid stream 31
[1129/034409.620:WARNING:spdy_session.cc(3365)] Received HEADERS for invalid stream 37
[1129/034409.620:WARNING:spdy_session.cc(3365)] Received HEADERS for invalid stream 39
[1129/034409.620:WARNING:spdy_session.cc(3365)] Received HEADERS for invalid stream 41
[1129/034409.620:WARNING:spdy_session.cc(3365)] Received HEADERS for invalid stream 43
[1129/034409.620:WARNING:spdy_session.cc(3365)] Received HEADERS for invalid stream 45
[1129/034409.620:WARNING:spdy_session.cc(3365)] Received HEADERS for invalid stream 47
[1129/034409.620:WARNING:spdy_session.cc(3365)] Received HEADERS for invalid stream 49
[1129/034409.620:WARNING:spdy_session.cc(3365)] Received HEADERS for invalid stream 57
[1129/034409.620:WARNING:spdy_session.cc(3365)] Received HEADERS for invalid stream 55
[1129/034409.620:WARNING:spdy_session.cc(3365)] Received HEADERS for invalid stream 61
[1129/034409.620:WARNING:spdy_session.cc(3365)] Received HEADERS for invalid stream 59
[1129/034409.620:WARNING:spdy_session.cc(3365)] Received HEADERS for invalid stream 53
[1129/034409.620:WARNING:spdy_session.cc(3365)] Received HEADERS for invalid stream 51
[1129/034409.620:WARNING:spdy_session.cc(3365)] Received HEADERS for invalid stream 63
[1129/034409.620:WARNING:spdy_session.cc(3365)] Received HEADERS for invalid stream 65
[1129/034409.620:WARNING:spdy_session.cc(3365)] Received HEADERS for invalid stream 67
[1129/034409.620:WARNING:spdy_session.cc(3365)] Received HEADERS for invalid stream 69
[1129/034409.620:WARNING:spdy_session.cc(3365)] Received HEADERS for invalid stream 71
[1129/034409.620:WARNING:spdy_session.cc(3365)] Received HEADERS for invalid stream 75
[1129/034409.620:WARNING:spdy_session.cc(3365)] Received HEADERS for invalid stream 73
[1129/034409.620:WARNING:spdy_session.cc(3365)] Received HEADERS for invalid stream 77
[1129/034409.620:WARNING:spdy_session.cc(3365)] Received HEADERS for invalid stream 79
[1129/034409.621:WARNING:spdy_session.cc(3365)] Received HEADERS for invalid stream 81
[1129/034409.621:WARNING:spdy_session.cc(3365)] Received HEADERS for invalid stream 83
[1129/034409.621:WARNING:spdy_session.cc(3365)] Received HEADERS for invalid stream 87
[1129/034409.621:WARNING:spdy_session.cc(3365)] Received HEADERS for invalid stream 85
[1129/034409.621:WARNING:spdy_session.cc(3365)] Received HEADERS for invalid stream 89
[1129/034409.621:WARNING:spdy_session.cc(3365)] Received HEADERS for invalid stream 91
[1129/034409.621:WARNING:spdy_session.cc(3365)] Received HEADERS for invalid stream 93
[1129/034409.621:WARNING:spdy_session.cc(3365)] Received HEADERS for invalid stream 95
[1129/034409.621:WARNING:spdy_session.cc(3365)] Received HEADERS for invalid stream 97
[1129/034409.621:WARNING:spdy_session.cc(3365)] Received HEADERS for invalid stream 99
[1129/034409.621:WARNING:spdy_session.cc(3365)] Received HEADERS for invalid stream 101
[1129/034409.621:WARNING:spdy_session.cc(3365)] Received HEADERS for invalid stream 103
[1129/034409.621:WARNING:spdy_session.cc(3365)] Received HEADERS for invalid stream 105
[1129/034459.260:ERROR:audio_rtp_receiver.cc(89)] AudioRtpReceiver::OnSetVolume: No audio channel exists.
[1129/034459.261:WARNING:used_ids.h(55)] Duplicate id found. Reassigning from 104 to 127
[1129/034459.261:WARNING:used_ids.h(55)] Duplicate id found. Reassigning from 102 to 125
[1129/034459.261:WARNING:used_ids.h(55)] Duplicate id found. Reassigning from 104 to 124
[1129/034459.261:WARNING:used_ids.h(55)] Duplicate id found. Reassigning from 106 to 123
[1129/034459.261:WARNING:used_ids.h(55)] Duplicate id found. Reassigning from 103 to 122
[1129/034459.261:WARNING:used_ids.h(55)] Duplicate id found. Reassigning from 105 to 121
[1129/034459.261:WARNING:used_ids.h(55)] Duplicate id found. Reassigning from 109 to 120
[1129/034459.261:WARNING:used_ids.h(55)] Duplicate id found. Reassigning from 1 to 14
[1129/034459.261:WARNING:used_ids.h(55)] Duplicate id found. Reassigning from 3 to 13
[1129/034459.261:WARNING:used_ids.h(55)] Duplicate id found. Reassigning from 5 to 12
[1129/034459.261:WARNING:used_ids.h(55)] Duplicate id found. Reassigning from 6 to 11
[1129/034513.131:WARNING:used_ids.h(55)] Duplicate id found. Reassigning from 104 to 127
[1129/034513.131:WARNING:used_ids.h(55)] Duplicate id found. Reassigning from 102 to 125
[1129/034513.131:WARNING:used_ids.h(55)] Duplicate id found. Reassigning from 104 to 124
[1129/034513.131:WARNING:used_ids.h(55)] Duplicate id found. Reassigning from 106 to 123
[1129/034513.131:WARNING:used_ids.h(55)] Duplicate id found. Reassigning from 103 to 122
[1129/034513.131:WARNING:used_ids.h(55)] Duplicate id found. Reassigning from 105 to 121
[1129/034513.132:WARNING:used_ids.h(55)] Duplicate id found. Reassigning from 109 to 120
[1129/034513.132:WARNING:used_ids.h(55)] Duplicate id found. Reassigning from 1 to 14
[1129/034513.132:WARNING:used_ids.h(55)] Duplicate id found. Reassigning from 3 to 13
[1129/034513.132:WARNING:used_ids.h(55)] Duplicate id found. Reassigning from 5 to 12
[1129/034513.132:WARNING:used_ids.h(55)] Duplicate id found. Reassigning from 6 to 11
[1129/034513.133:ERROR:audio_rtp_receiver.cc(89)] AudioRtpReceiver::OnSetVolume: No audio channel exists.
[1129/034532.413:ERROR:batching_media_log.cc(38)] MediaEvent: {"error":"FFmpegDemuxer: no supported streams"}
[1129/034532.413:ERROR:batching_media_log.cc(35)] MediaEvent: {"pipeline_error":14}
[1129/034532.913:ERROR:batching_media_log.cc(38)] MediaEvent: {"error":"FFmpegDemuxer: no supported streams"}
[1129/034532.913:ERROR:batching_media_log.cc(35)] MediaEvent: {"pipeline_error":14}
[1129/075931.746:ERROR:transport_security_persister.cc(413)] Failed to deserialize state: <<<<<<< HEAD
<<<<<<< HEAD
{
   "1SPWdvPJP1fCUhLZIB1LpusMdju/XAX2DbnoblktVp0=": {
      "expiry": 1700122880.384663,
      "mode": "force-https",
      "sts_include_subdomains": true,
      "sts_observed": 1668586880.384664
   },
   "M4bfUnCmQAi4PNb3B8aI/2+SVJhHKsMfMMT7fzi6ij4=": {
      "expiry": 1700122872.354238,
      "mode": "force-https",
      "sts_include_subdomains": true,
      "sts_observed": 1668586872.35424
   },
   "fJjUrPqhktMfiTHJX3Q0pJi/P12Q72DBgzzJqjlNC4o=": {
      "expiry": 1679473272.331655,
      "mode": "force-https",
      "sts_include_subdomains": true,
      "sts_observed": 1668586872.331658
   },
   "nAuqgR4iEWti7SOdT3UHPl6rmZU/DeaIm38P2O2OkgA=": {
      "expiry": 1700122871.636605,
      "mode": "force-https",
      "sts_include_subdomains": false,
      "sts_observed": 1668586871.636606
   }
}
=======
=======
>>>>>>> Ron
{
   "1SPWdvPJP1fCUhLZIB1LpusMdju/XAX2DbnoblktVp0=": {
      "expiry": 1700071994.54143,
      "mode": "force-https",
      "sts_include_subdomains": true,
      "sts_observed": 1668535994.541436
   },
   "M4bfUnCmQAi4PNb3B8aI/2+SVJhHKsMfMMT7fzi6ij4=": {
      "expiry": 1700071992.834986,
      "mode": "force-https",
      "sts_include_subdomains": true,
      "sts_observed": 1668535992.834993
   },
   "aOQPTpHf0QvV/9meCm7MGIvpSqjlAEMdE+G8Nelk90o=": {
      "expiry": 1700071997.640038,
      "mode": "force-https",
      "sts_include_subdomains": true,
      "sts_observed": 1668535997.640044
   },
   "fJjUrPqhktMfiTHJX3Q0pJi/P12Q72DBgzzJqjlNC4o=": {
      "expiry": 1679094734.337099,
      "mode": "force-https",
      "sts_include_subdomains": true,
      "sts_observed": 1668208334.337108
   },
   "k2K4kQd8V1+vi/G5kkyFFG8um2NS1HRPIzw/cUH/uIo=": {
      "expiry": 1699824170.033918,
      "mode": "force-https",
      "sts_include_subdomains": true,
      "sts_observed": 1668288170.033926
   },
   "nAuqgR4iEWti7SOdT3UHPl6rmZU/DeaIm38P2O2OkgA=": {
      "expiry": 1700071992.708674,
      "mode": "force-https",
      "sts_include_subdomains": false,
      "sts_observed": 1668535992.708678
   }
}
<<<<<<< HEAD
>>>>>>> Ron
=======
=======
{
   "1SPWdvPJP1fCUhLZIB1LpusMdju/XAX2DbnoblktVp0=": {
      "expiry": 1700122880.384663,
      "mode": "force-https",
      "sts_include_subdomains": true,
      "sts_observed": 1668586880.384664
   },
   "M4bfUnCmQAi4PNb3B8aI/2+SVJhHKsMfMMT7fzi6ij4=": {
      "expiry": 1700122872.354238,
      "mode": "force-https",
      "sts_include_subdomains": true,
      "sts_observed": 1668586872.35424
   },
   "fJjUrPqhktMfiTHJX3Q0pJi/P12Q72DBgzzJqjlNC4o=": {
      "expiry": 1679473272.331655,
      "mode": "force-https",
      "sts_include_subdomains": true,
      "sts_observed": 1668586872.331658
   },
   "nAuqgR4iEWti7SOdT3UHPl6rmZU/DeaIm38P2O2OkgA=": {
      "expiry": 1700122871.636605,
      "mode": "force-https",
      "sts_include_subdomains": false,
      "sts_observed": 1668586871.636606
   }
}
>>>>>>> main
>>>>>>> Ron

[1129/075932.153:WARNING:backend_impl.cc(1813)] Destroying invalid entry.
[1129/075932.153:ERROR:backend_impl.cc(1041)] Critical error found -8
[1129/075932.153:WARNING:storage_block-inl.h(146)] Failed data load.
[1129/075932.153:ERROR:entry_impl.cc(1076)] No file for c1030166
[1129/075932.153:WARNING:storage_block-inl.h(146)] Failed data load.
[1129/075932.862:WARNING:storage_block-inl.h(146)] Failed data load.
[1129/075932.862:WARNING:storage_block-inl.h(146)] Failed data load.
[1129/075932.862:WARNING:storage_block-inl.h(146)] Failed data load.
[1129/075932.862:WARNING:storage_block-inl.h(146)] Failed data load.
[1129/075932.862:WARNING:storage_block-inl.h(146)] Failed data load.
[1129/075932.862:WARNING:storage_block-inl.h(146)] Failed data load.
[1129/075932.862:WARNING:storage_block-inl.h(146)] Failed data load.
[1129/075932.862:WARNING:storage_block-inl.h(146)] Failed data load.
[1129/075932.862:WARNING:storage_block-inl.h(146)] Failed data load.
[1129/075932.862:WARNING:storage_block-inl.h(146)] Failed data load.
[1129/075932.862:WARNING:storage_block-inl.h(146)] Failed data load.
[1129/075932.862:WARNING:storage_block-inl.h(146)] Failed data load.
[1129/075932.863:WARNING:storage_block-inl.h(146)] Failed data load.
[1129/075932.863:WARNING:storage_block-inl.h(146)] Failed data load.
[1129/075932.863:WARNING:storage_block-inl.h(146)] Failed data load.
[1129/075932.863:WARNING:storage_block-inl.h(146)] Failed data load.
[1129/075932.863:ERROR:entry_impl.cc(998)] Failed to save user data
[1129/075932.863:ERROR:entry_impl.cc(998)] Failed to save user data
[1129/075932.863:ERROR:entry_impl.cc(998)] Failed to save user data
[1129/075932.863:ERROR:entry_impl.cc(998)] Failed to save user data
[1129/075932.864:WARNING:storage_block-inl.h(146)] Failed data load.
[1129/075932.864:WARNING:storage_block-inl.h(146)] Failed data load.
[1129/075932.864:WARNING:storage_block-inl.h(146)] Failed data load.
[1129/075932.864:WARNING:storage_block-inl.h(146)] Failed data load.
[1129/075932.864:ERROR:entry_impl.cc(998)] Failed to save user data
[1129/075932.865:ERROR:entry_impl.cc(998)] Failed to save user data
[1129/075932.865:WARNING:storage_block-inl.h(146)] Failed data load.
[1129/075932.865:WARNING:storage_block-inl.h(146)] Failed data load.
[1129/075932.865:WARNING:storage_block-inl.h(146)] Failed data load.
[1129/075932.865:WARNING:storage_block-inl.h(146)] Failed data load.
[1129/075932.865:ERROR:entry_impl.cc(998)] Failed to save user data
[1129/075932.865:ERROR:entry_impl.cc(998)] Failed to save user data
[1202/154936.646:ERROR:backend_impl.cc(1041)] Critical error found -8
[1202/154936.909:WARNING:storage_block-inl.h(146)] Failed data load.
[1202/154936.910:WARNING:storage_block-inl.h(146)] Failed data load.
[1202/154936.910:WARNING:storage_block-inl.h(146)] Failed data load.
[1202/154936.911:WARNING:storage_block-inl.h(146)] Failed data load.
[1202/154936.912:ERROR:entry_impl.cc(998)] Failed to save user data
[1202/154936.912:ERROR:entry_impl.cc(998)] Failed to save user data
[1202/212223.222:WARNING:backend_impl.cc(1592)] Messed up entry found.
[1202/212223.232:ERROR:backend_impl.cc(1041)] Critical error found -8
[1202/212224.983:WARNING:storage_block-inl.h(146)] Failed data load.
[1202/212224.984:WARNING:storage_block-inl.h(146)] Failed data load.
[1202/212224.984:WARNING:storage_block-inl.h(146)] Failed data load.
[1202/212224.985:WARNING:storage_block-inl.h(146)] Failed data load.
[1202/212224.985:ERROR:entry_impl.cc(998)] Failed to save user data
[1202/212224.985:ERROR:entry_impl.cc(998)] Failed to save user data
[1202/212234.520:WARNING:spdy_session.cc(3365)] Received HEADERS for invalid stream 119
[1202/212234.520:WARNING:spdy_session.cc(3365)] Received HEADERS for invalid stream 121
[1202/212234.527:WARNING:spdy_session.cc(3365)] Received HEADERS for invalid stream 123
[1202/212234.798:WARNING:spdy_session.cc(3365)] Received HEADERS for invalid stream 125
[1202/212234.862:WARNING:spdy_session.cc(3365)] Received HEADERS for invalid stream 127
